<?xml version="1.0" encoding="UTF-8"?>
<robot generator="Robot 4.1.3 (Python 3.10.2 on win32)" generated="20220212 11:49:41.286" rpa="false" schemaversion="2">
<suite id="s1" name="Verify Valid Credentials Suite" source="C:\Users\Gowtham\PycharmProjects\ROBOT_FRAMEWORK_1\login_suite\verify_valid_credentials_suite.robot">
<test id="s1-t1" name="TC1">
<kw name="Launch Browser" library="common_functionality" type="SETUP">
<kw name="Set Local Variable" library="BuiltIn">
<arg>${driver_path}</arg>
<arg>chromedriver.exe</arg>
<doc>Makes a variable available everywhere within the local scope.</doc>
<msg timestamp="20220212 11:49:42.873" level="INFO">${driver_path} = chromedriver.exe</msg>
<status status="PASS" starttime="20220212 11:49:42.873" endtime="20220212 11:49:42.873"/>
</kw>
<if>
<branch type="IF" condition="'${BROWSER_NAME}' == 'firefox'">
<kw name="Set Local Variable" library="BuiltIn">
<arg>${driver_path}</arg>
<arg>geckodriver.exe</arg>
<doc>Makes a variable available everywhere within the local scope.</doc>
<status status="NOT RUN" starttime="20220212 11:49:42.873" endtime="20220212 11:49:42.873"/>
</kw>
<status status="NOT RUN" starttime="20220212 11:49:42.873" endtime="20220212 11:49:42.873"/>
</branch>
<branch type="ELSE IF" condition="'${BROWSER_NAME}' == 'edge'">
<kw name="Set Local Variable" library="BuiltIn">
<arg>${driver_path}</arg>
<arg>msedgedriver.exe</arg>
<doc>Makes a variable available everywhere within the local scope.</doc>
<status status="NOT RUN" starttime="20220212 11:49:42.873" endtime="20220212 11:49:42.873"/>
</kw>
<status status="NOT RUN" starttime="20220212 11:49:42.873" endtime="20220212 11:49:42.873"/>
</branch>
<branch type="ELSE IF" condition="'${BROWSER_NAME}' == 'safari'">
<kw name="Set Local Variable" library="BuiltIn">
<arg>${driver_path}</arg>
<arg>safaridriver.exe</arg>
<doc>Makes a variable available everywhere within the local scope.</doc>
<status status="NOT RUN" starttime="20220212 11:49:42.873" endtime="20220212 11:49:42.873"/>
</kw>
<status status="NOT RUN" starttime="20220212 11:49:42.873" endtime="20220212 11:49:42.873"/>
</branch>
<status status="PASS" starttime="20220212 11:49:42.873" endtime="20220212 11:49:42.873"/>
</if>
<kw name="Open Browser" library="SeleniumLibrary">
<arg>browser=${BROWSER_NAME}</arg>
<arg>executable_path=${EXECDIR}${/}drivers${/}${driver_path}</arg>
<doc>Opens a new browser instance to the optional ``url``.</doc>
<msg timestamp="20220212 11:49:42.873" level="INFO">Opening browser 'chrome' to base url 'None'.</msg>
<status status="PASS" starttime="20220212 11:49:42.873" endtime="20220212 11:49:44.470"/>
</kw>
<kw name="Maximize Browser Window" library="SeleniumLibrary">
<doc>Maximizes current browser window.</doc>
<status status="PASS" starttime="20220212 11:49:44.470" endtime="20220212 11:49:44.605"/>
</kw>
<kw name="Set Selenium Implicit Wait" library="SeleniumLibrary">
<arg>30s</arg>
<doc>Sets the implicit wait value used by Selenium.</doc>
<status status="PASS" starttime="20220212 11:49:44.605" endtime="20220212 11:49:44.613"/>
</kw>
<kw name="Set Screenshot Directory" library="SeleniumLibrary">
<arg>${EXECDIR}${/}screenshot</arg>
<doc>Sets the directory for captured screenshots.</doc>
<status status="PASS" starttime="20220212 11:49:44.613" endtime="20220212 11:49:44.616"/>
</kw>
<kw name="Go To" library="SeleniumLibrary">
<arg>url=${URL}</arg>
<doc>Navigates the current browser window to the provided ``url``.</doc>
<msg timestamp="20220212 11:49:44.617" level="INFO">Opening url 'https://demo.openemr.io/b/openemr'</msg>
<status status="PASS" starttime="20220212 11:49:44.617" endtime="20220212 11:49:51.716"/>
</kw>
<status status="PASS" starttime="20220212 11:49:42.873" endtime="20220212 11:49:51.716"/>
</kw>
<kw name="Verify Valid Credentials Template">
<arg>admin</arg>
<arg>pass</arg>
<arg>English (Indian)</arg>
<arg>OpenEMR</arg>
<kw name="Input Text" library="SeleniumLibrary">
<arg>id=authUser</arg>
<arg>${username}</arg>
<doc>Types the given ``text`` into the text field identified by ``locator``.</doc>
<msg timestamp="20220212 11:49:51.723" level="INFO">Typing text 'admin' into text field 'id=authUser'.</msg>
<status status="PASS" starttime="20220212 11:49:51.721" endtime="20220212 11:49:51.845"/>
</kw>
<kw name="Input Password" library="SeleniumLibrary">
<arg>id=clearPass</arg>
<arg>${password}</arg>
<doc>Types the given password into the text field identified by ``locator``.</doc>
<msg timestamp="20220212 11:49:51.846" level="INFO">Typing password into text field 'id=clearPass'.</msg>
<msg timestamp="20220212 11:49:51.898" level="INFO">Temporally setting log level to: NONE</msg>
<msg timestamp="20220212 11:49:51.957" level="INFO">Log level changed from NONE to INFO.</msg>
<status status="PASS" starttime="20220212 11:49:51.845" endtime="20220212 11:49:51.957"/>
</kw>
<kw name="Select From List By Label" library="SeleniumLibrary">
<arg>name=languageChoice</arg>
<arg>${language}</arg>
<doc>Selects options from selection list ``locator`` by ``labels``.</doc>
<msg timestamp="20220212 11:49:51.959" level="INFO">Selecting options from selection list 'name=languageChoice' by label English (Indian).</msg>
<status status="PASS" starttime="20220212 11:49:51.957" endtime="20220212 11:49:52.064"/>
</kw>
<kw name="Click Element" library="SeleniumLibrary">
<arg>xpath=//button[@type='submit']</arg>
<doc>Click the element identified by ``locator``.</doc>
<msg timestamp="20220212 11:49:52.064" level="INFO">Clicking element 'xpath=//button[@type='submit']'.</msg>
<status status="PASS" starttime="20220212 11:49:52.064" endtime="20220212 11:49:56.165"/>
</kw>
<kw name="Title Should Be" library="SeleniumLibrary">
<arg>${expected_title}</arg>
<doc>Verifies that the current page title equals ``title``.</doc>
<msg timestamp="20220212 11:49:56.175" level="INFO">Page title is 'OpenEMR'.</msg>
<status status="PASS" starttime="20220212 11:49:56.165" endtime="20220212 11:49:56.175"/>
</kw>
<status status="PASS" starttime="20220212 11:49:51.716" endtime="20220212 11:49:56.175"/>
</kw>
<kw name="End Browser" library="common_functionality" type="TEARDOWN">
<kw name="Close Browser" library="SeleniumLibrary">
<doc>Closes the current browser.</doc>
<status status="PASS" starttime="20220212 11:49:56.175" endtime="20220212 11:49:58.360"/>
</kw>
<status status="PASS" starttime="20220212 11:49:56.175" endtime="20220212 11:49:58.360"/>
</kw>
<status status="PASS" starttime="20220212 11:49:42.870" endtime="20220212 11:49:58.360"/>
</test>
<test id="s1-t2" name="TC1">
<kw name="Launch Browser" library="common_functionality" type="SETUP">
<kw name="Set Local Variable" library="BuiltIn">
<arg>${driver_path}</arg>
<arg>chromedriver.exe</arg>
<doc>Makes a variable available everywhere within the local scope.</doc>
<msg timestamp="20220212 11:49:58.372" level="INFO">${driver_path} = chromedriver.exe</msg>
<status status="PASS" starttime="20220212 11:49:58.372" endtime="20220212 11:49:58.372"/>
</kw>
<if>
<branch type="IF" condition="'${BROWSER_NAME}' == 'firefox'">
<kw name="Set Local Variable" library="BuiltIn">
<arg>${driver_path}</arg>
<arg>geckodriver.exe</arg>
<doc>Makes a variable available everywhere within the local scope.</doc>
<status status="NOT RUN" starttime="20220212 11:49:58.372" endtime="20220212 11:49:58.372"/>
</kw>
<status status="NOT RUN" starttime="20220212 11:49:58.372" endtime="20220212 11:49:58.372"/>
</branch>
<branch type="ELSE IF" condition="'${BROWSER_NAME}' == 'edge'">
<kw name="Set Local Variable" library="BuiltIn">
<arg>${driver_path}</arg>
<arg>msedgedriver.exe</arg>
<doc>Makes a variable available everywhere within the local scope.</doc>
<status status="NOT RUN" starttime="20220212 11:49:58.372" endtime="20220212 11:49:58.372"/>
</kw>
<status status="NOT RUN" starttime="20220212 11:49:58.372" endtime="20220212 11:49:58.372"/>
</branch>
<branch type="ELSE IF" condition="'${BROWSER_NAME}' == 'safari'">
<kw name="Set Local Variable" library="BuiltIn">
<arg>${driver_path}</arg>
<arg>safaridriver.exe</arg>
<doc>Makes a variable available everywhere within the local scope.</doc>
<status status="NOT RUN" starttime="20220212 11:49:58.372" endtime="20220212 11:49:58.372"/>
</kw>
<status status="NOT RUN" starttime="20220212 11:49:58.372" endtime="20220212 11:49:58.372"/>
</branch>
<status status="PASS" starttime="20220212 11:49:58.372" endtime="20220212 11:49:58.372"/>
</if>
<kw name="Open Browser" library="SeleniumLibrary">
<arg>browser=${BROWSER_NAME}</arg>
<arg>executable_path=${EXECDIR}${/}drivers${/}${driver_path}</arg>
<doc>Opens a new browser instance to the optional ``url``.</doc>
<msg timestamp="20220212 11:49:58.379" level="INFO">Opening browser 'chrome' to base url 'None'.</msg>
<status status="PASS" starttime="20220212 11:49:58.372" endtime="20220212 11:49:59.773"/>
</kw>
<kw name="Maximize Browser Window" library="SeleniumLibrary">
<doc>Maximizes current browser window.</doc>
<status status="PASS" starttime="20220212 11:49:59.774" endtime="20220212 11:49:59.903"/>
</kw>
<kw name="Set Selenium Implicit Wait" library="SeleniumLibrary">
<arg>30s</arg>
<doc>Sets the implicit wait value used by Selenium.</doc>
<status status="PASS" starttime="20220212 11:49:59.903" endtime="20220212 11:49:59.903"/>
</kw>
<kw name="Set Screenshot Directory" library="SeleniumLibrary">
<arg>${EXECDIR}${/}screenshot</arg>
<doc>Sets the directory for captured screenshots.</doc>
<status status="PASS" starttime="20220212 11:49:59.903" endtime="20220212 11:49:59.908"/>
</kw>
<kw name="Go To" library="SeleniumLibrary">
<arg>url=${URL}</arg>
<doc>Navigates the current browser window to the provided ``url``.</doc>
<msg timestamp="20220212 11:49:59.908" level="INFO">Opening url 'https://demo.openemr.io/b/openemr'</msg>
<status status="PASS" starttime="20220212 11:49:59.908" endtime="20220212 11:50:04.276"/>
</kw>
<status status="PASS" starttime="20220212 11:49:58.372" endtime="20220212 11:50:04.276"/>
</kw>
<kw name="Verify Valid Credentials Template">
<arg>physician</arg>
<arg>physician</arg>
<arg>English (Indian)</arg>
<arg>OpenEMR</arg>
<kw name="Input Text" library="SeleniumLibrary">
<arg>id=authUser</arg>
<arg>${username}</arg>
<doc>Types the given ``text`` into the text field identified by ``locator``.</doc>
<msg timestamp="20220212 11:50:04.280" level="INFO">Typing text 'physician' into text field 'id=authUser'.</msg>
<status status="PASS" starttime="20220212 11:50:04.276" endtime="20220212 11:50:04.387"/>
</kw>
<kw name="Input Password" library="SeleniumLibrary">
<arg>id=clearPass</arg>
<arg>${password}</arg>
<doc>Types the given password into the text field identified by ``locator``.</doc>
<msg timestamp="20220212 11:50:04.390" level="INFO">Typing password into text field 'id=clearPass'.</msg>
<msg timestamp="20220212 11:50:04.441" level="INFO">Temporally setting log level to: NONE</msg>
<msg timestamp="20220212 11:50:04.513" level="INFO">Log level changed from NONE to INFO.</msg>
<status status="PASS" starttime="20220212 11:50:04.390" endtime="20220212 11:50:04.514"/>
</kw>
<kw name="Select From List By Label" library="SeleniumLibrary">
<arg>name=languageChoice</arg>
<arg>${language}</arg>
<doc>Selects options from selection list ``locator`` by ``labels``.</doc>
<msg timestamp="20220212 11:50:04.515" level="INFO">Selecting options from selection list 'name=languageChoice' by label English (Indian).</msg>
<status status="PASS" starttime="20220212 11:50:04.514" endtime="20220212 11:50:04.615"/>
</kw>
<kw name="Click Element" library="SeleniumLibrary">
<arg>xpath=//button[@type='submit']</arg>
<doc>Click the element identified by ``locator``.</doc>
<msg timestamp="20220212 11:50:04.615" level="INFO">Clicking element 'xpath=//button[@type='submit']'.</msg>
<status status="PASS" starttime="20220212 11:50:04.615" endtime="20220212 11:50:08.940"/>
</kw>
<kw name="Title Should Be" library="SeleniumLibrary">
<arg>${expected_title}</arg>
<doc>Verifies that the current page title equals ``title``.</doc>
<msg timestamp="20220212 11:50:08.940" level="INFO">Page title is 'OpenEMR'.</msg>
<status status="PASS" starttime="20220212 11:50:08.940" endtime="20220212 11:50:08.940"/>
</kw>
<status status="PASS" starttime="20220212 11:50:04.276" endtime="20220212 11:50:08.940"/>
</kw>
<kw name="End Browser" library="common_functionality" type="TEARDOWN">
<kw name="Close Browser" library="SeleniumLibrary">
<doc>Closes the current browser.</doc>
<status status="PASS" starttime="20220212 11:50:08.950" endtime="20220212 11:50:11.139"/>
</kw>
<status status="PASS" starttime="20220212 11:50:08.949" endtime="20220212 11:50:11.139"/>
</kw>
<status status="PASS" starttime="20220212 11:49:58.360" endtime="20220212 11:50:11.141"/>
</test>
<test id="s1-t3" name="TC1">
<kw name="Launch Browser" library="common_functionality" type="SETUP">
<kw name="Set Local Variable" library="BuiltIn">
<arg>${driver_path}</arg>
<arg>chromedriver.exe</arg>
<doc>Makes a variable available everywhere within the local scope.</doc>
<msg timestamp="20220212 11:50:11.142" level="INFO">${driver_path} = chromedriver.exe</msg>
<status status="PASS" starttime="20220212 11:50:11.142" endtime="20220212 11:50:11.142"/>
</kw>
<if>
<branch type="IF" condition="'${BROWSER_NAME}' == 'firefox'">
<kw name="Set Local Variable" library="BuiltIn">
<arg>${driver_path}</arg>
<arg>geckodriver.exe</arg>
<doc>Makes a variable available everywhere within the local scope.</doc>
<status status="NOT RUN" starttime="20220212 11:50:11.142" endtime="20220212 11:50:11.142"/>
</kw>
<status status="NOT RUN" starttime="20220212 11:50:11.142" endtime="20220212 11:50:11.142"/>
</branch>
<branch type="ELSE IF" condition="'${BROWSER_NAME}' == 'edge'">
<kw name="Set Local Variable" library="BuiltIn">
<arg>${driver_path}</arg>
<arg>msedgedriver.exe</arg>
<doc>Makes a variable available everywhere within the local scope.</doc>
<status status="NOT RUN" starttime="20220212 11:50:11.142" endtime="20220212 11:50:11.142"/>
</kw>
<status status="NOT RUN" starttime="20220212 11:50:11.142" endtime="20220212 11:50:11.142"/>
</branch>
<branch type="ELSE IF" condition="'${BROWSER_NAME}' == 'safari'">
<kw name="Set Local Variable" library="BuiltIn">
<arg>${driver_path}</arg>
<arg>safaridriver.exe</arg>
<doc>Makes a variable available everywhere within the local scope.</doc>
<status status="NOT RUN" starttime="20220212 11:50:11.142" endtime="20220212 11:50:11.142"/>
</kw>
<status status="NOT RUN" starttime="20220212 11:50:11.142" endtime="20220212 11:50:11.142"/>
</branch>
<status status="PASS" starttime="20220212 11:50:11.142" endtime="20220212 11:50:11.142"/>
</if>
<kw name="Open Browser" library="SeleniumLibrary">
<arg>browser=${BROWSER_NAME}</arg>
<arg>executable_path=${EXECDIR}${/}drivers${/}${driver_path}</arg>
<doc>Opens a new browser instance to the optional ``url``.</doc>
<msg timestamp="20220212 11:50:11.142" level="INFO">Opening browser 'chrome' to base url 'None'.</msg>
<status status="PASS" starttime="20220212 11:50:11.142" endtime="20220212 11:50:12.549"/>
</kw>
<kw name="Maximize Browser Window" library="SeleniumLibrary">
<doc>Maximizes current browser window.</doc>
<status status="PASS" starttime="20220212 11:50:12.549" endtime="20220212 11:50:12.672"/>
</kw>
<kw name="Set Selenium Implicit Wait" library="SeleniumLibrary">
<arg>30s</arg>
<doc>Sets the implicit wait value used by Selenium.</doc>
<status status="PASS" starttime="20220212 11:50:12.672" endtime="20220212 11:50:12.672"/>
</kw>
<kw name="Set Screenshot Directory" library="SeleniumLibrary">
<arg>${EXECDIR}${/}screenshot</arg>
<doc>Sets the directory for captured screenshots.</doc>
<status status="PASS" starttime="20220212 11:50:12.672" endtime="20220212 11:50:12.672"/>
</kw>
<kw name="Go To" library="SeleniumLibrary">
<arg>url=${URL}</arg>
<doc>Navigates the current browser window to the provided ``url``.</doc>
<msg timestamp="20220212 11:50:12.672" level="INFO">Opening url 'https://demo.openemr.io/b/openemr'</msg>
<status status="PASS" starttime="20220212 11:50:12.672" endtime="20220212 11:50:17.678"/>
</kw>
<status status="PASS" starttime="20220212 11:50:11.142" endtime="20220212 11:50:17.678"/>
</kw>
<kw name="Verify Valid Credentials Template">
<arg>accountant</arg>
<arg>accountant</arg>
<arg>Greek</arg>
<arg>OpenEMR</arg>
<kw name="Input Text" library="SeleniumLibrary">
<arg>id=authUser</arg>
<arg>${username}</arg>
<doc>Types the given ``text`` into the text field identified by ``locator``.</doc>
<msg timestamp="20220212 11:50:17.680" level="INFO">Typing text 'accountant' into text field 'id=authUser'.</msg>
<status status="PASS" starttime="20220212 11:50:17.680" endtime="20220212 11:50:17.873"/>
</kw>
<kw name="Input Password" library="SeleniumLibrary">
<arg>id=clearPass</arg>
<arg>${password}</arg>
<doc>Types the given password into the text field identified by ``locator``.</doc>
<msg timestamp="20220212 11:50:17.873" level="INFO">Typing password into text field 'id=clearPass'.</msg>
<msg timestamp="20220212 11:50:17.967" level="INFO">Temporally setting log level to: NONE</msg>
<msg timestamp="20220212 11:50:18.057" level="INFO">Log level changed from NONE to INFO.</msg>
<status status="PASS" starttime="20220212 11:50:17.873" endtime="20220212 11:50:18.057"/>
</kw>
<kw name="Select From List By Label" library="SeleniumLibrary">
<arg>name=languageChoice</arg>
<arg>${language}</arg>
<doc>Selects options from selection list ``locator`` by ``labels``.</doc>
<msg timestamp="20220212 11:50:18.057" level="INFO">Selecting options from selection list 'name=languageChoice' by label Greek.</msg>
<status status="PASS" starttime="20220212 11:50:18.057" endtime="20220212 11:50:18.195"/>
</kw>
<kw name="Click Element" library="SeleniumLibrary">
<arg>xpath=//button[@type='submit']</arg>
<doc>Click the element identified by ``locator``.</doc>
<msg timestamp="20220212 11:50:18.195" level="INFO">Clicking element 'xpath=//button[@type='submit']'.</msg>
<status status="PASS" starttime="20220212 11:50:18.195" endtime="20220212 11:50:22.543"/>
</kw>
<kw name="Title Should Be" library="SeleniumLibrary">
<arg>${expected_title}</arg>
<doc>Verifies that the current page title equals ``title``.</doc>
<msg timestamp="20220212 11:50:22.560" level="INFO">Page title is 'OpenEMR'.</msg>
<status status="PASS" starttime="20220212 11:50:22.543" endtime="20220212 11:50:22.560"/>
</kw>
<status status="PASS" starttime="20220212 11:50:17.680" endtime="20220212 11:50:22.560"/>
</kw>
<kw name="End Browser" library="common_functionality" type="TEARDOWN">
<kw name="Close Browser" library="SeleniumLibrary">
<doc>Closes the current browser.</doc>
<status status="PASS" starttime="20220212 11:50:22.560" endtime="20220212 11:50:24.770"/>
</kw>
<status status="PASS" starttime="20220212 11:50:22.560" endtime="20220212 11:50:24.771"/>
</kw>
<status status="PASS" starttime="20220212 11:50:11.142" endtime="20220212 11:50:24.772"/>
</test>
<doc>This suit file handles all the test case related to the
valid credentials</doc>
<status status="PASS" starttime="20220212 11:49:41.290" endtime="20220212 11:50:24.774"/>
</suite>
<statistics>
<total>
<stat pass="3" fail="0" skip="0">All Tests</stat>
</total>
<tag>
</tag>
<suite>
<stat pass="3" fail="0" skip="0" id="s1" name="Verify Valid Credentials Suite">Verify Valid Credentials Suite</stat>
</suite>
</statistics>
<errors>
<msg timestamp="20220212 11:49:58.360" level="WARN">Multiple test cases with name 'TC1' executed in test suite 'Verify Valid Credentials Suite'.</msg>
<msg timestamp="20220212 11:50:11.142" level="WARN">Multiple test cases with name 'TC1' executed in test suite 'Verify Valid Credentials Suite'.</msg>
</errors>
</robot>
