<?xml version="1.0" encoding="UTF-8"?>
<robot generator="Robot 4.1.3 (Python 3.10.2 on win32)" generated="20220212 10:48:36.113" rpa="false" schemaversion="2">
<suite id="s1" name="Verify Invalid Credentials Suite" source="C:\Users\Gowtham\PycharmProjects\ROBOT_FRAMEWORK_1\login_suite\verify_invalid_credentials_suite.robot">
<test id="s1-t1" name="TC1">
<kw name="Launch Browser" library="common_functionality" type="SETUP">
<kw name="Set Local Variable" library="BuiltIn">
<arg>${driver_path}</arg>
<arg>chromedriver.exe</arg>
<doc>Makes a variable available everywhere within the local scope.</doc>
<msg timestamp="20220212 10:48:36.473" level="INFO">${driver_path} = chromedriver.exe</msg>
<status status="PASS" starttime="20220212 10:48:36.473" endtime="20220212 10:48:36.478"/>
</kw>
<if>
<branch type="IF" condition="'${BROWSER_NAME}' == 'firefox'">
<kw name="Set Local Variable" library="BuiltIn">
<arg>${driver_path}</arg>
<arg>geckodriver.exe</arg>
<doc>Makes a variable available everywhere within the local scope.</doc>
<status status="NOT RUN" starttime="20220212 10:48:36.479" endtime="20220212 10:48:36.479"/>
</kw>
<status status="NOT RUN" starttime="20220212 10:48:36.479" endtime="20220212 10:48:36.479"/>
</branch>
<branch type="ELSE IF" condition="'${BROWSER_NAME}' == 'edge'">
<kw name="Set Local Variable" library="BuiltIn">
<arg>${driver_path}</arg>
<arg>msedgedriver.exe</arg>
<doc>Makes a variable available everywhere within the local scope.</doc>
<status status="NOT RUN" starttime="20220212 10:48:36.479" endtime="20220212 10:48:36.479"/>
</kw>
<status status="NOT RUN" starttime="20220212 10:48:36.479" endtime="20220212 10:48:36.479"/>
</branch>
<branch type="ELSE IF" condition="'${BROWSER_NAME}' == 'safari'">
<kw name="Set Local Variable" library="BuiltIn">
<arg>${driver_path}</arg>
<arg>safaridriver.exe</arg>
<doc>Makes a variable available everywhere within the local scope.</doc>
<status status="NOT RUN" starttime="20220212 10:48:36.479" endtime="20220212 10:48:36.479"/>
</kw>
<status status="NOT RUN" starttime="20220212 10:48:36.479" endtime="20220212 10:48:36.479"/>
</branch>
<status status="PASS" starttime="20220212 10:48:36.478" endtime="20220212 10:48:36.479"/>
</if>
<kw name="Open Browser" library="SeleniumLibrary">
<arg>browser=${BROWSER_NAME}</arg>
<arg>executable_path=${EXECDIR}${/}drivers${/}${driver_path}</arg>
<doc>Opens a new browser instance to the optional ``url``.</doc>
<msg timestamp="20220212 10:48:36.479" level="INFO">Opening browser 'chrome' to base url 'None'.</msg>
<status status="PASS" starttime="20220212 10:48:36.479" endtime="20220212 10:48:38.100"/>
</kw>
<kw name="Maximize Browser Window" library="SeleniumLibrary">
<doc>Maximizes current browser window.</doc>
<status status="PASS" starttime="20220212 10:48:38.101" endtime="20220212 10:48:38.244"/>
</kw>
<kw name="Set Selenium Implicit Wait" library="SeleniumLibrary">
<arg>30s</arg>
<doc>Sets the implicit wait value used by Selenium.</doc>
<status status="PASS" starttime="20220212 10:48:38.244" endtime="20220212 10:48:38.248"/>
</kw>
<kw name="Set Screenshot Directory" library="SeleniumLibrary">
<arg>${EXECDIR}${/}screenshot</arg>
<doc>Sets the directory for captured screenshots.</doc>
<status status="PASS" starttime="20220212 10:48:38.248" endtime="20220212 10:48:38.248"/>
</kw>
<kw name="Go To" library="SeleniumLibrary">
<arg>url=${URL}</arg>
<doc>Navigates the current browser window to the provided ``url``.</doc>
<msg timestamp="20220212 10:48:38.248" level="INFO">Opening url 'https://demo.openemr.io/b/openemr'</msg>
<status status="PASS" starttime="20220212 10:48:38.248" endtime="20220212 10:48:48.977"/>
</kw>
<status status="PASS" starttime="20220212 10:48:36.473" endtime="20220212 10:48:48.978"/>
</kw>
<kw name="Verify Invalid Credential Template">
<arg>John</arg>
<arg>john123</arg>
<arg>Dutch</arg>
<arg>Invalid username or password</arg>
<kw name="Input Text" library="SeleniumLibrary">
<arg>id=authUser</arg>
<arg>${username}</arg>
<doc>Types the given ``text`` into the text field identified by ``locator``.</doc>
<msg timestamp="20220212 10:48:48.982" level="INFO">Typing text 'John' into text field 'id=authUser'.</msg>
<status status="PASS" starttime="20220212 10:48:48.978" endtime="20220212 10:48:49.109"/>
</kw>
<kw name="Input Password" library="SeleniumLibrary">
<arg>id=clearPass</arg>
<arg>${password}</arg>
<doc>Types the given password into the text field identified by ``locator``.</doc>
<msg timestamp="20220212 10:48:49.114" level="INFO">Typing password into text field 'id=clearPass'.</msg>
<msg timestamp="20220212 10:48:49.181" level="INFO">Temporally setting log level to: NONE</msg>
<msg timestamp="20220212 10:48:49.269" level="INFO">Log level changed from NONE to INFO.</msg>
<status status="PASS" starttime="20220212 10:48:49.109" endtime="20220212 10:48:49.270"/>
</kw>
<kw name="Select From List By Label" library="SeleniumLibrary">
<arg>name=languageChoice</arg>
<arg>${language}</arg>
<doc>Selects options from selection list ``locator`` by ``labels``.</doc>
<msg timestamp="20220212 10:48:49.271" level="INFO">Selecting options from selection list 'name=languageChoice' by label Dutch.</msg>
<status status="PASS" starttime="20220212 10:48:49.270" endtime="20220212 10:48:49.389"/>
</kw>
<kw name="Click Element" library="SeleniumLibrary">
<arg>xpath=//button[@type='submit']</arg>
<doc>Click the element identified by ``locator``.</doc>
<msg timestamp="20220212 10:48:49.389" level="INFO">Clicking element 'xpath=//button[@type='submit']'.</msg>
<status status="PASS" starttime="20220212 10:48:49.389" endtime="20220212 10:48:52.570"/>
</kw>
<kw name="Element Should Contain" library="SeleniumLibrary">
<arg>//div[contains(text(),'Invalid')]</arg>
<arg>${expected_error}</arg>
<doc>Verifies that element ``locator`` contains text ``expected``.</doc>
<msg timestamp="20220212 10:48:52.609" level="INFO">Element '//div[contains(text(),'Invalid')]' contains text 'Invalid username or password'.</msg>
<status status="PASS" starttime="20220212 10:48:52.570" endtime="20220212 10:48:52.609"/>
</kw>
<status status="PASS" starttime="20220212 10:48:48.978" endtime="20220212 10:48:52.609"/>
</kw>
<kw name="End Browser" library="common_functionality" type="TEARDOWN">
<kw name="Close Browser" library="SeleniumLibrary">
<doc>Closes the current browser.</doc>
<status status="PASS" starttime="20220212 10:48:52.618" endtime="20220212 10:48:54.788"/>
</kw>
<status status="PASS" starttime="20220212 10:48:52.609" endtime="20220212 10:48:54.788"/>
</kw>
<status status="PASS" starttime="20220212 10:48:36.473" endtime="20220212 10:48:54.788"/>
</test>
<test id="s1-t2" name="TC2">
<kw name="Launch Browser" library="common_functionality" type="SETUP">
<kw name="Set Local Variable" library="BuiltIn">
<arg>${driver_path}</arg>
<arg>chromedriver.exe</arg>
<doc>Makes a variable available everywhere within the local scope.</doc>
<msg timestamp="20220212 10:48:54.798" level="INFO">${driver_path} = chromedriver.exe</msg>
<status status="PASS" starttime="20220212 10:48:54.788" endtime="20220212 10:48:54.798"/>
</kw>
<if>
<branch type="IF" condition="'${BROWSER_NAME}' == 'firefox'">
<kw name="Set Local Variable" library="BuiltIn">
<arg>${driver_path}</arg>
<arg>geckodriver.exe</arg>
<doc>Makes a variable available everywhere within the local scope.</doc>
<status status="NOT RUN" starttime="20220212 10:48:54.799" endtime="20220212 10:48:54.799"/>
</kw>
<status status="NOT RUN" starttime="20220212 10:48:54.799" endtime="20220212 10:48:54.799"/>
</branch>
<branch type="ELSE IF" condition="'${BROWSER_NAME}' == 'edge'">
<kw name="Set Local Variable" library="BuiltIn">
<arg>${driver_path}</arg>
<arg>msedgedriver.exe</arg>
<doc>Makes a variable available everywhere within the local scope.</doc>
<status status="NOT RUN" starttime="20220212 10:48:54.799" endtime="20220212 10:48:54.799"/>
</kw>
<status status="NOT RUN" starttime="20220212 10:48:54.799" endtime="20220212 10:48:54.799"/>
</branch>
<branch type="ELSE IF" condition="'${BROWSER_NAME}' == 'safari'">
<kw name="Set Local Variable" library="BuiltIn">
<arg>${driver_path}</arg>
<arg>safaridriver.exe</arg>
<doc>Makes a variable available everywhere within the local scope.</doc>
<status status="NOT RUN" starttime="20220212 10:48:54.799" endtime="20220212 10:48:54.799"/>
</kw>
<status status="NOT RUN" starttime="20220212 10:48:54.799" endtime="20220212 10:48:54.799"/>
</branch>
<status status="PASS" starttime="20220212 10:48:54.799" endtime="20220212 10:48:54.799"/>
</if>
<kw name="Open Browser" library="SeleniumLibrary">
<arg>browser=${BROWSER_NAME}</arg>
<arg>executable_path=${EXECDIR}${/}drivers${/}${driver_path}</arg>
<doc>Opens a new browser instance to the optional ``url``.</doc>
<msg timestamp="20220212 10:48:54.799" level="INFO">Opening browser 'chrome' to base url 'None'.</msg>
<status status="PASS" starttime="20220212 10:48:54.799" endtime="20220212 10:48:56.237"/>
</kw>
<kw name="Maximize Browser Window" library="SeleniumLibrary">
<doc>Maximizes current browser window.</doc>
<status status="PASS" starttime="20220212 10:48:56.238" endtime="20220212 10:48:56.379"/>
</kw>
<kw name="Set Selenium Implicit Wait" library="SeleniumLibrary">
<arg>30s</arg>
<doc>Sets the implicit wait value used by Selenium.</doc>
<status status="PASS" starttime="20220212 10:48:56.379" endtime="20220212 10:48:56.379"/>
</kw>
<kw name="Set Screenshot Directory" library="SeleniumLibrary">
<arg>${EXECDIR}${/}screenshot</arg>
<doc>Sets the directory for captured screenshots.</doc>
<status status="PASS" starttime="20220212 10:48:56.383" endtime="20220212 10:48:56.385"/>
</kw>
<kw name="Go To" library="SeleniumLibrary">
<arg>url=${URL}</arg>
<doc>Navigates the current browser window to the provided ``url``.</doc>
<msg timestamp="20220212 10:48:56.386" level="INFO">Opening url 'https://demo.openemr.io/b/openemr'</msg>
<status status="PASS" starttime="20220212 10:48:56.385" endtime="20220212 10:49:07.454"/>
</kw>
<status status="PASS" starttime="20220212 10:48:54.788" endtime="20220212 10:49:07.454"/>
</kw>
<kw name="Verify Invalid Credential Template">
<arg>peter</arg>
<arg>peter123</arg>
<arg>Danish</arg>
<arg>Invalid username or password</arg>
<kw name="Input Text" library="SeleniumLibrary">
<arg>id=authUser</arg>
<arg>${username}</arg>
<doc>Types the given ``text`` into the text field identified by ``locator``.</doc>
<msg timestamp="20220212 10:49:07.459" level="INFO">Typing text 'peter' into text field 'id=authUser'.</msg>
<status status="PASS" starttime="20220212 10:49:07.459" endtime="20220212 10:49:07.594"/>
</kw>
<kw name="Input Password" library="SeleniumLibrary">
<arg>id=clearPass</arg>
<arg>${password}</arg>
<doc>Types the given password into the text field identified by ``locator``.</doc>
<msg timestamp="20220212 10:49:07.599" level="INFO">Typing password into text field 'id=clearPass'.</msg>
<msg timestamp="20220212 10:49:07.678" level="INFO">Temporally setting log level to: NONE</msg>
<msg timestamp="20220212 10:49:07.771" level="INFO">Log level changed from NONE to INFO.</msg>
<status status="PASS" starttime="20220212 10:49:07.594" endtime="20220212 10:49:07.771"/>
</kw>
<kw name="Select From List By Label" library="SeleniumLibrary">
<arg>name=languageChoice</arg>
<arg>${language}</arg>
<doc>Selects options from selection list ``locator`` by ``labels``.</doc>
<msg timestamp="20220212 10:49:07.771" level="INFO">Selecting options from selection list 'name=languageChoice' by label Danish.</msg>
<status status="PASS" starttime="20220212 10:49:07.771" endtime="20220212 10:49:07.910"/>
</kw>
<kw name="Click Element" library="SeleniumLibrary">
<arg>xpath=//button[@type='submit']</arg>
<doc>Click the element identified by ``locator``.</doc>
<msg timestamp="20220212 10:49:07.910" level="INFO">Clicking element 'xpath=//button[@type='submit']'.</msg>
<status status="PASS" starttime="20220212 10:49:07.910" endtime="20220212 10:49:09.884"/>
</kw>
<kw name="Element Should Contain" library="SeleniumLibrary">
<arg>//div[contains(text(),'Invalid')]</arg>
<arg>${expected_error}</arg>
<doc>Verifies that element ``locator`` contains text ``expected``.</doc>
<msg timestamp="20220212 10:49:09.928" level="INFO">Element '//div[contains(text(),'Invalid')]' contains text 'Invalid username or password'.</msg>
<status status="PASS" starttime="20220212 10:49:09.884" endtime="20220212 10:49:09.928"/>
</kw>
<status status="PASS" starttime="20220212 10:49:07.454" endtime="20220212 10:49:09.928"/>
</kw>
<kw name="End Browser" library="common_functionality" type="TEARDOWN">
<kw name="Close Browser" library="SeleniumLibrary">
<doc>Closes the current browser.</doc>
<status status="PASS" starttime="20220212 10:49:09.934" endtime="20220212 10:49:12.097"/>
</kw>
<status status="PASS" starttime="20220212 10:49:09.934" endtime="20220212 10:49:12.098"/>
</kw>
<status status="PASS" starttime="20220212 10:48:54.788" endtime="20220212 10:49:12.098"/>
</test>
<test id="s1-t3" name="TC3">
<kw name="Launch Browser" library="common_functionality" type="SETUP">
<kw name="Set Local Variable" library="BuiltIn">
<arg>${driver_path}</arg>
<arg>chromedriver.exe</arg>
<doc>Makes a variable available everywhere within the local scope.</doc>
<msg timestamp="20220212 10:49:12.099" level="INFO">${driver_path} = chromedriver.exe</msg>
<status status="PASS" starttime="20220212 10:49:12.099" endtime="20220212 10:49:12.099"/>
</kw>
<if>
<branch type="IF" condition="'${BROWSER_NAME}' == 'firefox'">
<kw name="Set Local Variable" library="BuiltIn">
<arg>${driver_path}</arg>
<arg>geckodriver.exe</arg>
<doc>Makes a variable available everywhere within the local scope.</doc>
<status status="NOT RUN" starttime="20220212 10:49:12.099" endtime="20220212 10:49:12.099"/>
</kw>
<status status="NOT RUN" starttime="20220212 10:49:12.099" endtime="20220212 10:49:12.099"/>
</branch>
<branch type="ELSE IF" condition="'${BROWSER_NAME}' == 'edge'">
<kw name="Set Local Variable" library="BuiltIn">
<arg>${driver_path}</arg>
<arg>msedgedriver.exe</arg>
<doc>Makes a variable available everywhere within the local scope.</doc>
<status status="NOT RUN" starttime="20220212 10:49:12.103" endtime="20220212 10:49:12.103"/>
</kw>
<status status="NOT RUN" starttime="20220212 10:49:12.103" endtime="20220212 10:49:12.103"/>
</branch>
<branch type="ELSE IF" condition="'${BROWSER_NAME}' == 'safari'">
<kw name="Set Local Variable" library="BuiltIn">
<arg>${driver_path}</arg>
<arg>safaridriver.exe</arg>
<doc>Makes a variable available everywhere within the local scope.</doc>
<status status="NOT RUN" starttime="20220212 10:49:12.103" endtime="20220212 10:49:12.103"/>
</kw>
<status status="NOT RUN" starttime="20220212 10:49:12.103" endtime="20220212 10:49:12.103"/>
</branch>
<status status="PASS" starttime="20220212 10:49:12.099" endtime="20220212 10:49:12.103"/>
</if>
<kw name="Open Browser" library="SeleniumLibrary">
<arg>browser=${BROWSER_NAME}</arg>
<arg>executable_path=${EXECDIR}${/}drivers${/}${driver_path}</arg>
<doc>Opens a new browser instance to the optional ``url``.</doc>
<msg timestamp="20220212 10:49:12.103" level="INFO">Opening browser 'chrome' to base url 'None'.</msg>
<status status="PASS" starttime="20220212 10:49:12.103" endtime="20220212 10:49:13.505"/>
</kw>
<kw name="Maximize Browser Window" library="SeleniumLibrary">
<doc>Maximizes current browser window.</doc>
<status status="PASS" starttime="20220212 10:49:13.505" endtime="20220212 10:49:13.640"/>
</kw>
<kw name="Set Selenium Implicit Wait" library="SeleniumLibrary">
<arg>30s</arg>
<doc>Sets the implicit wait value used by Selenium.</doc>
<status status="PASS" starttime="20220212 10:49:13.640" endtime="20220212 10:49:13.643"/>
</kw>
<kw name="Set Screenshot Directory" library="SeleniumLibrary">
<arg>${EXECDIR}${/}screenshot</arg>
<doc>Sets the directory for captured screenshots.</doc>
<status status="PASS" starttime="20220212 10:49:13.643" endtime="20220212 10:49:13.643"/>
</kw>
<kw name="Go To" library="SeleniumLibrary">
<arg>url=${URL}</arg>
<doc>Navigates the current browser window to the provided ``url``.</doc>
<msg timestamp="20220212 10:49:13.643" level="INFO">Opening url 'https://demo.openemr.io/b/openemr'</msg>
<status status="PASS" starttime="20220212 10:49:13.643" endtime="20220212 10:49:23.469"/>
</kw>
<status status="PASS" starttime="20220212 10:49:12.099" endtime="20220212 10:49:23.469"/>
</kw>
<kw name="Verify Invalid Credential Template">
<arg>${EMPTY}</arg>
<arg>peter123</arg>
<arg>Dutch</arg>
<arg>Invalid username or password</arg>
<kw name="Input Text" library="SeleniumLibrary">
<arg>id=authUser</arg>
<arg>${username}</arg>
<doc>Types the given ``text`` into the text field identified by ``locator``.</doc>
<msg timestamp="20220212 10:49:23.471" level="INFO">Typing text '' into text field 'id=authUser'.</msg>
<status status="PASS" starttime="20220212 10:49:23.471" endtime="20220212 10:49:23.573"/>
</kw>
<kw name="Input Password" library="SeleniumLibrary">
<arg>id=clearPass</arg>
<arg>${password}</arg>
<doc>Types the given password into the text field identified by ``locator``.</doc>
<msg timestamp="20220212 10:49:23.573" level="INFO">Typing password into text field 'id=clearPass'.</msg>
<msg timestamp="20220212 10:49:23.659" level="INFO">Temporally setting log level to: NONE</msg>
<msg timestamp="20220212 10:49:23.744" level="INFO">Log level changed from NONE to INFO.</msg>
<status status="PASS" starttime="20220212 10:49:23.573" endtime="20220212 10:49:23.749"/>
</kw>
<kw name="Select From List By Label" library="SeleniumLibrary">
<arg>name=languageChoice</arg>
<arg>${language}</arg>
<doc>Selects options from selection list ``locator`` by ``labels``.</doc>
<msg timestamp="20220212 10:49:23.750" level="INFO">Selecting options from selection list 'name=languageChoice' by label Dutch.</msg>
<status status="PASS" starttime="20220212 10:49:23.749" endtime="20220212 10:49:23.954"/>
</kw>
<kw name="Click Element" library="SeleniumLibrary">
<arg>xpath=//button[@type='submit']</arg>
<doc>Click the element identified by ``locator``.</doc>
<msg timestamp="20220212 10:49:23.954" level="INFO">Clicking element 'xpath=//button[@type='submit']'.</msg>
<status status="PASS" starttime="20220212 10:49:23.954" endtime="20220212 10:49:25.363"/>
</kw>
<kw name="Element Should Contain" library="SeleniumLibrary">
<arg>//div[contains(text(),'Invalid')]</arg>
<arg>${expected_error}</arg>
<doc>Verifies that element ``locator`` contains text ``expected``.</doc>
<msg timestamp="20220212 10:49:25.439" level="INFO">Element '//div[contains(text(),'Invalid')]' contains text 'Invalid username or password'.</msg>
<status status="PASS" starttime="20220212 10:49:25.363" endtime="20220212 10:49:25.439"/>
</kw>
<status status="PASS" starttime="20220212 10:49:23.469" endtime="20220212 10:49:25.439"/>
</kw>
<kw name="End Browser" library="common_functionality" type="TEARDOWN">
<kw name="Close Browser" library="SeleniumLibrary">
<doc>Closes the current browser.</doc>
<status status="PASS" starttime="20220212 10:49:25.444" endtime="20220212 10:49:27.579"/>
</kw>
<status status="PASS" starttime="20220212 10:49:25.443" endtime="20220212 10:49:27.579"/>
</kw>
<status status="PASS" starttime="20220212 10:49:12.099" endtime="20220212 10:49:27.580"/>
</test>
<test id="s1-t4" name="TC4">
<kw name="Launch Browser" library="common_functionality" type="SETUP">
<kw name="Set Local Variable" library="BuiltIn">
<arg>${driver_path}</arg>
<arg>chromedriver.exe</arg>
<doc>Makes a variable available everywhere within the local scope.</doc>
<msg timestamp="20220212 10:49:27.581" level="INFO">${driver_path} = chromedriver.exe</msg>
<status status="PASS" starttime="20220212 10:49:27.581" endtime="20220212 10:49:27.581"/>
</kw>
<if>
<branch type="IF" condition="'${BROWSER_NAME}' == 'firefox'">
<kw name="Set Local Variable" library="BuiltIn">
<arg>${driver_path}</arg>
<arg>geckodriver.exe</arg>
<doc>Makes a variable available everywhere within the local scope.</doc>
<status status="NOT RUN" starttime="20220212 10:49:27.581" endtime="20220212 10:49:27.581"/>
</kw>
<status status="NOT RUN" starttime="20220212 10:49:27.581" endtime="20220212 10:49:27.581"/>
</branch>
<branch type="ELSE IF" condition="'${BROWSER_NAME}' == 'edge'">
<kw name="Set Local Variable" library="BuiltIn">
<arg>${driver_path}</arg>
<arg>msedgedriver.exe</arg>
<doc>Makes a variable available everywhere within the local scope.</doc>
<status status="NOT RUN" starttime="20220212 10:49:27.581" endtime="20220212 10:49:27.581"/>
</kw>
<status status="NOT RUN" starttime="20220212 10:49:27.581" endtime="20220212 10:49:27.581"/>
</branch>
<branch type="ELSE IF" condition="'${BROWSER_NAME}' == 'safari'">
<kw name="Set Local Variable" library="BuiltIn">
<arg>${driver_path}</arg>
<arg>safaridriver.exe</arg>
<doc>Makes a variable available everywhere within the local scope.</doc>
<status status="NOT RUN" starttime="20220212 10:49:27.589" endtime="20220212 10:49:27.589"/>
</kw>
<status status="NOT RUN" starttime="20220212 10:49:27.581" endtime="20220212 10:49:27.589"/>
</branch>
<status status="PASS" starttime="20220212 10:49:27.581" endtime="20220212 10:49:27.589"/>
</if>
<kw name="Open Browser" library="SeleniumLibrary">
<arg>browser=${BROWSER_NAME}</arg>
<arg>executable_path=${EXECDIR}${/}drivers${/}${driver_path}</arg>
<doc>Opens a new browser instance to the optional ``url``.</doc>
<msg timestamp="20220212 10:49:27.589" level="INFO">Opening browser 'chrome' to base url 'None'.</msg>
<status status="PASS" starttime="20220212 10:49:27.589" endtime="20220212 10:49:29.037"/>
</kw>
<kw name="Maximize Browser Window" library="SeleniumLibrary">
<doc>Maximizes current browser window.</doc>
<status status="PASS" starttime="20220212 10:49:29.038" endtime="20220212 10:49:29.170"/>
</kw>
<kw name="Set Selenium Implicit Wait" library="SeleniumLibrary">
<arg>30s</arg>
<doc>Sets the implicit wait value used by Selenium.</doc>
<status status="PASS" starttime="20220212 10:49:29.170" endtime="20220212 10:49:29.170"/>
</kw>
<kw name="Set Screenshot Directory" library="SeleniumLibrary">
<arg>${EXECDIR}${/}screenshot</arg>
<doc>Sets the directory for captured screenshots.</doc>
<status status="PASS" starttime="20220212 10:49:29.170" endtime="20220212 10:49:29.179"/>
</kw>
<kw name="Go To" library="SeleniumLibrary">
<arg>url=${URL}</arg>
<doc>Navigates the current browser window to the provided ``url``.</doc>
<msg timestamp="20220212 10:49:29.180" level="INFO">Opening url 'https://demo.openemr.io/b/openemr'</msg>
<status status="PASS" starttime="20220212 10:49:29.179" endtime="20220212 10:49:38.591"/>
</kw>
<status status="PASS" starttime="20220212 10:49:27.581" endtime="20220212 10:49:38.592"/>
</kw>
<kw name="Verify Invalid Credential Template">
<arg>peter</arg>
<arg>${EMPTY}</arg>
<arg>Greek</arg>
<arg>Invalid username or password</arg>
<kw name="Input Text" library="SeleniumLibrary">
<arg>id=authUser</arg>
<arg>${username}</arg>
<doc>Types the given ``text`` into the text field identified by ``locator``.</doc>
<msg timestamp="20220212 10:49:38.599" level="INFO">Typing text 'peter' into text field 'id=authUser'.</msg>
<status status="PASS" starttime="20220212 10:49:38.597" endtime="20220212 10:49:38.734"/>
</kw>
<kw name="Input Password" library="SeleniumLibrary">
<arg>id=clearPass</arg>
<arg>${password}</arg>
<doc>Types the given password into the text field identified by ``locator``.</doc>
<msg timestamp="20220212 10:49:38.738" level="INFO">Typing password into text field 'id=clearPass'.</msg>
<msg timestamp="20220212 10:49:38.823" level="INFO">Temporally setting log level to: NONE</msg>
<msg timestamp="20220212 10:49:38.903" level="INFO">Log level changed from NONE to INFO.</msg>
<status status="PASS" starttime="20220212 10:49:38.738" endtime="20220212 10:49:38.903"/>
</kw>
<kw name="Select From List By Label" library="SeleniumLibrary">
<arg>name=languageChoice</arg>
<arg>${language}</arg>
<doc>Selects options from selection list ``locator`` by ``labels``.</doc>
<msg timestamp="20220212 10:49:38.907" level="INFO">Selecting options from selection list 'name=languageChoice' by label Greek.</msg>
<status status="PASS" starttime="20220212 10:49:38.906" endtime="20220212 10:49:39.035"/>
</kw>
<kw name="Click Element" library="SeleniumLibrary">
<arg>xpath=//button[@type='submit']</arg>
<doc>Click the element identified by ``locator``.</doc>
<msg timestamp="20220212 10:49:39.037" level="INFO">Clicking element 'xpath=//button[@type='submit']'.</msg>
<status status="PASS" starttime="20220212 10:49:39.036" endtime="20220212 10:49:41.409"/>
</kw>
<kw name="Element Should Contain" library="SeleniumLibrary">
<arg>//div[contains(text(),'Invalid')]</arg>
<arg>${expected_error}</arg>
<doc>Verifies that element ``locator`` contains text ``expected``.</doc>
<msg timestamp="20220212 10:49:41.459" level="INFO">Element '//div[contains(text(),'Invalid')]' contains text 'Invalid username or password'.</msg>
<status status="PASS" starttime="20220212 10:49:41.409" endtime="20220212 10:49:41.459"/>
</kw>
<status status="PASS" starttime="20220212 10:49:38.593" endtime="20220212 10:49:41.459"/>
</kw>
<kw name="End Browser" library="common_functionality" type="TEARDOWN">
<kw name="Close Browser" library="SeleniumLibrary">
<doc>Closes the current browser.</doc>
<status status="PASS" starttime="20220212 10:49:41.463" endtime="20220212 10:49:43.627"/>
</kw>
<status status="PASS" starttime="20220212 10:49:41.459" endtime="20220212 10:49:43.627"/>
</kw>
<status status="PASS" starttime="20220212 10:49:27.581" endtime="20220212 10:49:43.628"/>
</test>
<doc>This suit file handles all the test case related to the
invalid credentials</doc>
<status status="PASS" starttime="20220212 10:48:36.118" endtime="20220212 10:49:43.630"/>
</suite>
<statistics>
<total>
<stat pass="4" fail="0" skip="0">All Tests</stat>
</total>
<tag>
</tag>
<suite>
<stat pass="4" fail="0" skip="0" id="s1" name="Verify Invalid Credentials Suite">Verify Invalid Credentials Suite</stat>
</suite>
</statistics>
<errors>
</errors>
</robot>
