<?xml version="1.0" encoding="UTF-8"?>
<robot generator="Robot 4.1.3 (Python 3.10.2 on win32)" generated="20220212 10:13:58.003" rpa="false" schemaversion="2">
<suite id="s1" name="Verify Valid Credentials Suite" source="C:\Users\Gowtham\PycharmProjects\ROBOT_FRAMEWORK_1\login_suite\verify_valid_credentials_suite.robot">
<test id="s1-t1" name="Verify Valid Credentials Test">
<kw name="Launch Browser" library="common_functionality" type="SETUP">
<kw name="Open Browser" library="SeleniumLibrary">
<arg>browser=chrome</arg>
<arg>executable_path=${EXECDIR}${/}drivers${/}chromedriver.exe</arg>
<doc>Opens a new browser instance to the optional ``url``.</doc>
<msg timestamp="20220212 10:13:58.244" level="INFO">Opening browser 'chrome' to base url 'None'.</msg>
<status status="PASS" starttime="20220212 10:13:58.236" endtime="20220212 10:14:09.936"/>
</kw>
<kw name="Maximize Browser Window" library="SeleniumLibrary">
<doc>Maximizes current browser window.</doc>
<status status="PASS" starttime="20220212 10:14:09.936" endtime="20220212 10:14:10.066"/>
</kw>
<kw name="Set Selenium Implicit Wait" library="SeleniumLibrary">
<arg>30s</arg>
<doc>Sets the implicit wait value used by Selenium.</doc>
<status status="PASS" starttime="20220212 10:14:10.069" endtime="20220212 10:14:10.074"/>
</kw>
<kw name="Go To" library="SeleniumLibrary">
<arg>url=https://demo.openemr.io/b/openemr</arg>
<doc>Navigates the current browser window to the provided ``url``.</doc>
<msg timestamp="20220212 10:14:10.075" level="INFO">Opening url 'https://demo.openemr.io/b/openemr'</msg>
<status status="PASS" starttime="20220212 10:14:10.075" endtime="20220212 10:14:53.972"/>
</kw>
<status status="PASS" starttime="20220212 10:13:58.236" endtime="20220212 10:14:53.972"/>
</kw>
<kw name="Input Text" library="SeleniumLibrary">
<arg>id=authUser</arg>
<arg>admin</arg>
<doc>Types the given ``text`` into the text field identified by ``locator``.</doc>
<msg timestamp="20220212 10:14:53.972" level="INFO">Typing text 'admin' into text field 'id=authUser'.</msg>
<status status="PASS" starttime="20220212 10:14:53.972" endtime="20220212 10:14:54.140"/>
</kw>
<kw name="Input Password" library="SeleniumLibrary">
<arg>id=clearPass</arg>
<arg>pass</arg>
<doc>Types the given password into the text field identified by ``locator``.</doc>
<msg timestamp="20220212 10:14:54.140" level="INFO">Typing password into text field 'id=clearPass'.</msg>
<msg timestamp="20220212 10:14:54.220" level="INFO">Temporally setting log level to: NONE</msg>
<msg timestamp="20220212 10:14:54.317" level="INFO">Log level changed from NONE to INFO.</msg>
<status status="PASS" starttime="20220212 10:14:54.140" endtime="20220212 10:14:54.317"/>
</kw>
<kw name="Select From List By Label" library="SeleniumLibrary">
<arg>name=languageChoice</arg>
<arg>English (Indian)</arg>
<doc>Selects options from selection list ``locator`` by ``labels``.</doc>
<msg timestamp="20220212 10:14:54.325" level="INFO">Selecting options from selection list 'name=languageChoice' by label English (Indian).</msg>
<status status="PASS" starttime="20220212 10:14:54.325" endtime="20220212 10:14:54.478"/>
</kw>
<kw name="Click Element" library="SeleniumLibrary">
<arg>xpath=//button[@type='submit']</arg>
<doc>Click the element identified by ``locator``.</doc>
<msg timestamp="20220212 10:14:54.478" level="INFO">Clicking element 'xpath=//button[@type='submit']'.</msg>
<status status="PASS" starttime="20220212 10:14:54.478" endtime="20220212 10:15:03.053"/>
</kw>
<kw name="Title Should Be" library="SeleniumLibrary">
<arg>OpenEMR</arg>
<doc>Verifies that the current page title equals ``title``.</doc>
<msg timestamp="20220212 10:15:03.065" level="INFO">Page title is 'OpenEMR'.</msg>
<status status="PASS" starttime="20220212 10:15:03.053" endtime="20220212 10:15:03.065"/>
</kw>
<kw name="End Browser" library="common_functionality" type="TEARDOWN">
<kw name="Capture Page Screenshot" library="SeleniumLibrary">
<doc>Takes a screenshot of the current page and embeds it into a log file.</doc>
<msg timestamp="20220212 10:15:03.328" level="INFO" html="true">&lt;/td&gt;&lt;/tr&gt;&lt;tr&gt;&lt;td colspan="3"&gt;&lt;a href="selenium-screenshot-1.png"&gt;&lt;img src="selenium-screenshot-1.png" width="800px"&gt;&lt;/a&gt;</msg>
<status status="PASS" starttime="20220212 10:15:03.065" endtime="20220212 10:15:03.328"/>
</kw>
<kw name="Close Browser" library="SeleniumLibrary">
<doc>Closes the current browser.</doc>
<status status="PASS" starttime="20220212 10:15:03.328" endtime="20220212 10:15:05.503"/>
</kw>
<status status="PASS" starttime="20220212 10:15:03.065" endtime="20220212 10:15:05.503"/>
</kw>
<status status="PASS" starttime="20220212 10:13:58.236" endtime="20220212 10:15:05.503"/>
</test>
<doc>This suit file handles all the test case related to the
valid credentials</doc>
<status status="PASS" starttime="20220212 10:13:58.011" endtime="20220212 10:15:05.503"/>
</suite>
<statistics>
<total>
<stat pass="1" fail="0" skip="0">All Tests</stat>
</total>
<tag>
</tag>
<suite>
<stat pass="1" fail="0" skip="0" id="s1" name="Verify Valid Credentials Suite">Verify Valid Credentials Suite</stat>
</suite>
</statistics>
<errors>
</errors>
</robot>
