<?xml version="1.0" encoding="UTF-8"?>
<robot generator="Robot 4.1.3 (Python 3.10.2 on win32)" generated="20220212 12:04:30.387" rpa="false" schemaversion="2">
<suite id="s1" name="Verify Valid Credentials Suite" source="C:\Users\Gowtham\PycharmProjects\ROBOT_FRAMEWORK_1\login_suite\verify_valid_credentials_suite.robot">
<test id="s1-t1" name="TC1">
<kw name="Launch Browser" library="common_functionality" type="SETUP">
<kw name="Set Local Variable" library="BuiltIn">
<arg>${driver_path}</arg>
<arg>chromedriver.exe</arg>
<doc>Makes a variable available everywhere within the local scope.</doc>
<msg timestamp="20220212 12:04:31.220" level="INFO">${driver_path} = chromedriver.exe</msg>
<status status="PASS" starttime="20220212 12:04:31.219" endtime="20220212 12:04:31.220"/>
</kw>
<if>
<branch type="IF" condition="'${BROWSER_NAME}' == 'firefox'">
<kw name="Set Local Variable" library="BuiltIn">
<arg>${driver_path}</arg>
<arg>geckodriver.exe</arg>
<doc>Makes a variable available everywhere within the local scope.</doc>
<status status="NOT RUN" starttime="20220212 12:04:31.220" endtime="20220212 12:04:31.220"/>
</kw>
<status status="NOT RUN" starttime="20220212 12:04:31.220" endtime="20220212 12:04:31.220"/>
</branch>
<branch type="ELSE IF" condition="'${BROWSER_NAME}' == 'edge'">
<kw name="Set Local Variable" library="BuiltIn">
<arg>${driver_path}</arg>
<arg>msedgedriver.exe</arg>
<doc>Makes a variable available everywhere within the local scope.</doc>
<status status="NOT RUN" starttime="20220212 12:04:31.220" endtime="20220212 12:04:31.220"/>
</kw>
<status status="NOT RUN" starttime="20220212 12:04:31.220" endtime="20220212 12:04:31.220"/>
</branch>
<branch type="ELSE IF" condition="'${BROWSER_NAME}' == 'safari'">
<kw name="Set Local Variable" library="BuiltIn">
<arg>${driver_path}</arg>
<arg>safaridriver.exe</arg>
<doc>Makes a variable available everywhere within the local scope.</doc>
<status status="NOT RUN" starttime="20220212 12:04:31.220" endtime="20220212 12:04:31.220"/>
</kw>
<status status="NOT RUN" starttime="20220212 12:04:31.220" endtime="20220212 12:04:31.220"/>
</branch>
<status status="PASS" starttime="20220212 12:04:31.220" endtime="20220212 12:04:31.220"/>
</if>
<kw name="Open Browser" library="SeleniumLibrary">
<arg>browser=${BROWSER_NAME}</arg>
<arg>executable_path=${EXECDIR}${/}drivers${/}${driver_path}</arg>
<doc>Opens a new browser instance to the optional ``url``.</doc>
<msg timestamp="20220212 12:04:31.221" level="INFO">Opening browser 'chrome' to base url 'None'.</msg>
<status status="PASS" starttime="20220212 12:04:31.221" endtime="20220212 12:04:32.489"/>
</kw>
<kw name="Maximize Browser Window" library="SeleniumLibrary">
<doc>Maximizes current browser window.</doc>
<status status="PASS" starttime="20220212 12:04:32.489" endtime="20220212 12:04:32.623"/>
</kw>
<kw name="Set Selenium Implicit Wait" library="SeleniumLibrary">
<arg>30s</arg>
<doc>Sets the implicit wait value used by Selenium.</doc>
<status status="PASS" starttime="20220212 12:04:32.623" endtime="20220212 12:04:32.625"/>
</kw>
<kw name="Set Screenshot Directory" library="SeleniumLibrary">
<arg>${EXECDIR}${/}screenshot</arg>
<doc>Sets the directory for captured screenshots.</doc>
<status status="PASS" starttime="20220212 12:04:32.625" endtime="20220212 12:04:32.626"/>
</kw>
<kw name="Go To" library="SeleniumLibrary">
<arg>url=${URL}</arg>
<doc>Navigates the current browser window to the provided ``url``.</doc>
<msg timestamp="20220212 12:04:32.626" level="INFO">Opening url 'https://demo.openemr.io/b/openemr'</msg>
<status status="PASS" starttime="20220212 12:04:32.626" endtime="20220212 12:04:38.187"/>
</kw>
<status status="PASS" starttime="20220212 12:04:31.219" endtime="20220212 12:04:38.188"/>
</kw>
<kw name="Verify Valid Credentials Template">
<arg>admin</arg>
<arg>pass</arg>
<arg>English (Indian)</arg>
<arg>OpenEMR</arg>
<kw name="Input Text" library="SeleniumLibrary">
<arg>id=authUser</arg>
<arg>${username}</arg>
<doc>Types the given ``text`` into the text field identified by ``locator``.</doc>
<msg timestamp="20220212 12:04:38.192" level="INFO">Typing text 'admin' into text field 'id=authUser'.</msg>
<status status="PASS" starttime="20220212 12:04:38.191" endtime="20220212 12:04:38.281"/>
</kw>
<kw name="Input Password" library="SeleniumLibrary">
<arg>id=clearPass</arg>
<arg>${password}</arg>
<doc>Types the given password into the text field identified by ``locator``.</doc>
<msg timestamp="20220212 12:04:38.282" level="INFO">Typing password into text field 'id=clearPass'.</msg>
<msg timestamp="20220212 12:04:38.320" level="INFO">Temporally setting log level to: NONE</msg>
<msg timestamp="20220212 12:04:38.372" level="INFO">Log level changed from NONE to INFO.</msg>
<status status="PASS" starttime="20220212 12:04:38.281" endtime="20220212 12:04:38.372"/>
</kw>
<kw name="Select From List By Label" library="SeleniumLibrary">
<arg>name=languageChoice</arg>
<arg>${language}</arg>
<doc>Selects options from selection list ``locator`` by ``labels``.</doc>
<msg timestamp="20220212 12:04:38.373" level="INFO">Selecting options from selection list 'name=languageChoice' by label English (Indian).</msg>
<status status="PASS" starttime="20220212 12:04:38.372" endtime="20220212 12:04:38.438"/>
</kw>
<kw name="Click Element" library="SeleniumLibrary">
<arg>xpath=//button[@type='submit']</arg>
<doc>Click the element identified by ``locator``.</doc>
<msg timestamp="20220212 12:04:38.438" level="INFO">Clicking element 'xpath=//button[@type='submit']'.</msg>
<status status="PASS" starttime="20220212 12:04:38.438" endtime="20220212 12:04:42.996"/>
</kw>
<kw name="Title Should Be" library="SeleniumLibrary">
<arg>${expected_title}</arg>
<doc>Verifies that the current page title equals ``title``.</doc>
<msg timestamp="20220212 12:04:43.003" level="INFO">Page title is 'OpenEMR'.</msg>
<status status="PASS" starttime="20220212 12:04:42.997" endtime="20220212 12:04:43.003"/>
</kw>
<status status="PASS" starttime="20220212 12:04:38.188" endtime="20220212 12:04:43.003"/>
</kw>
<kw name="End Browser" library="common_functionality" type="TEARDOWN">
<kw name="Close Browser" library="SeleniumLibrary">
<doc>Closes the current browser.</doc>
<status status="PASS" starttime="20220212 12:04:43.005" endtime="20220212 12:04:45.134"/>
</kw>
<status status="PASS" starttime="20220212 12:04:43.004" endtime="20220212 12:04:45.134"/>
</kw>
<status status="PASS" starttime="20220212 12:04:31.218" endtime="20220212 12:04:45.135"/>
</test>
<test id="s1-t2" name="TC1">
<kw name="Launch Browser" library="common_functionality" type="SETUP">
<kw name="Set Local Variable" library="BuiltIn">
<arg>${driver_path}</arg>
<arg>chromedriver.exe</arg>
<doc>Makes a variable available everywhere within the local scope.</doc>
<msg timestamp="20220212 12:04:45.138" level="INFO">${driver_path} = chromedriver.exe</msg>
<status status="PASS" starttime="20220212 12:04:45.138" endtime="20220212 12:04:45.138"/>
</kw>
<if>
<branch type="IF" condition="'${BROWSER_NAME}' == 'firefox'">
<kw name="Set Local Variable" library="BuiltIn">
<arg>${driver_path}</arg>
<arg>geckodriver.exe</arg>
<doc>Makes a variable available everywhere within the local scope.</doc>
<status status="NOT RUN" starttime="20220212 12:04:45.139" endtime="20220212 12:04:45.139"/>
</kw>
<status status="NOT RUN" starttime="20220212 12:04:45.138" endtime="20220212 12:04:45.139"/>
</branch>
<branch type="ELSE IF" condition="'${BROWSER_NAME}' == 'edge'">
<kw name="Set Local Variable" library="BuiltIn">
<arg>${driver_path}</arg>
<arg>msedgedriver.exe</arg>
<doc>Makes a variable available everywhere within the local scope.</doc>
<status status="NOT RUN" starttime="20220212 12:04:45.139" endtime="20220212 12:04:45.139"/>
</kw>
<status status="NOT RUN" starttime="20220212 12:04:45.139" endtime="20220212 12:04:45.139"/>
</branch>
<branch type="ELSE IF" condition="'${BROWSER_NAME}' == 'safari'">
<kw name="Set Local Variable" library="BuiltIn">
<arg>${driver_path}</arg>
<arg>safaridriver.exe</arg>
<doc>Makes a variable available everywhere within the local scope.</doc>
<status status="NOT RUN" starttime="20220212 12:04:45.139" endtime="20220212 12:04:45.139"/>
</kw>
<status status="NOT RUN" starttime="20220212 12:04:45.139" endtime="20220212 12:04:45.139"/>
</branch>
<status status="PASS" starttime="20220212 12:04:45.138" endtime="20220212 12:04:45.139"/>
</if>
<kw name="Open Browser" library="SeleniumLibrary">
<arg>browser=${BROWSER_NAME}</arg>
<arg>executable_path=${EXECDIR}${/}drivers${/}${driver_path}</arg>
<doc>Opens a new browser instance to the optional ``url``.</doc>
<msg timestamp="20220212 12:04:45.140" level="INFO">Opening browser 'chrome' to base url 'None'.</msg>
<status status="PASS" starttime="20220212 12:04:45.139" endtime="20220212 12:04:46.320"/>
</kw>
<kw name="Maximize Browser Window" library="SeleniumLibrary">
<doc>Maximizes current browser window.</doc>
<status status="PASS" starttime="20220212 12:04:46.320" endtime="20220212 12:04:46.449"/>
</kw>
<kw name="Set Selenium Implicit Wait" library="SeleniumLibrary">
<arg>30s</arg>
<doc>Sets the implicit wait value used by Selenium.</doc>
<status status="PASS" starttime="20220212 12:04:46.449" endtime="20220212 12:04:46.450"/>
</kw>
<kw name="Set Screenshot Directory" library="SeleniumLibrary">
<arg>${EXECDIR}${/}screenshot</arg>
<doc>Sets the directory for captured screenshots.</doc>
<status status="PASS" starttime="20220212 12:04:46.450" endtime="20220212 12:04:46.451"/>
</kw>
<kw name="Go To" library="SeleniumLibrary">
<arg>url=${URL}</arg>
<doc>Navigates the current browser window to the provided ``url``.</doc>
<msg timestamp="20220212 12:04:46.451" level="INFO">Opening url 'https://demo.openemr.io/b/openemr'</msg>
<status status="PASS" starttime="20220212 12:04:46.451" endtime="20220212 12:04:52.315"/>
</kw>
<status status="PASS" starttime="20220212 12:04:45.137" endtime="20220212 12:04:52.315"/>
</kw>
<kw name="Verify Valid Credentials Template">
<arg>physician</arg>
<arg>physician</arg>
<arg>English (Indian)</arg>
<arg>OpenEMR</arg>
<kw name="Input Text" library="SeleniumLibrary">
<arg>id=authUser</arg>
<arg>${username}</arg>
<doc>Types the given ``text`` into the text field identified by ``locator``.</doc>
<msg timestamp="20220212 12:04:52.318" level="INFO">Typing text 'physician' into text field 'id=authUser'.</msg>
<status status="PASS" starttime="20220212 12:04:52.318" endtime="20220212 12:04:52.392"/>
</kw>
<kw name="Input Password" library="SeleniumLibrary">
<arg>id=clearPass</arg>
<arg>${password}</arg>
<doc>Types the given password into the text field identified by ``locator``.</doc>
<msg timestamp="20220212 12:04:52.392" level="INFO">Typing password into text field 'id=clearPass'.</msg>
<msg timestamp="20220212 12:04:52.424" level="INFO">Temporally setting log level to: NONE</msg>
<msg timestamp="20220212 12:04:52.471" level="INFO">Log level changed from NONE to INFO.</msg>
<status status="PASS" starttime="20220212 12:04:52.392" endtime="20220212 12:04:52.471"/>
</kw>
<kw name="Select From List By Label" library="SeleniumLibrary">
<arg>name=languageChoice</arg>
<arg>${language}</arg>
<doc>Selects options from selection list ``locator`` by ``labels``.</doc>
<msg timestamp="20220212 12:04:52.471" level="INFO">Selecting options from selection list 'name=languageChoice' by label English (Indian).</msg>
<status status="PASS" starttime="20220212 12:04:52.471" endtime="20220212 12:04:52.527"/>
</kw>
<kw name="Click Element" library="SeleniumLibrary">
<arg>xpath=//button[@type='submit']</arg>
<doc>Click the element identified by ``locator``.</doc>
<msg timestamp="20220212 12:04:52.527" level="INFO">Clicking element 'xpath=//button[@type='submit']'.</msg>
<status status="PASS" starttime="20220212 12:04:52.527" endtime="20220212 12:04:57.618"/>
</kw>
<kw name="Title Should Be" library="SeleniumLibrary">
<arg>${expected_title}</arg>
<doc>Verifies that the current page title equals ``title``.</doc>
<msg timestamp="20220212 12:04:57.627" level="INFO">Page title is 'OpenEMR'.</msg>
<status status="PASS" starttime="20220212 12:04:57.618" endtime="20220212 12:04:57.627"/>
</kw>
<status status="PASS" starttime="20220212 12:04:52.317" endtime="20220212 12:04:57.627"/>
</kw>
<kw name="End Browser" library="common_functionality" type="TEARDOWN">
<kw name="Close Browser" library="SeleniumLibrary">
<doc>Closes the current browser.</doc>
<status status="PASS" starttime="20220212 12:04:57.628" endtime="20220212 12:04:59.759"/>
</kw>
<status status="PASS" starttime="20220212 12:04:57.628" endtime="20220212 12:04:59.760"/>
</kw>
<status status="PASS" starttime="20220212 12:04:45.136" endtime="20220212 12:04:59.761"/>
</test>
<test id="s1-t3" name="TC1">
<kw name="Launch Browser" library="common_functionality" type="SETUP">
<kw name="Set Local Variable" library="BuiltIn">
<arg>${driver_path}</arg>
<arg>chromedriver.exe</arg>
<doc>Makes a variable available everywhere within the local scope.</doc>
<msg timestamp="20220212 12:04:59.769" level="INFO">${driver_path} = chromedriver.exe</msg>
<status status="PASS" starttime="20220212 12:04:59.768" endtime="20220212 12:04:59.769"/>
</kw>
<if>
<branch type="IF" condition="'${BROWSER_NAME}' == 'firefox'">
<kw name="Set Local Variable" library="BuiltIn">
<arg>${driver_path}</arg>
<arg>geckodriver.exe</arg>
<doc>Makes a variable available everywhere within the local scope.</doc>
<status status="NOT RUN" starttime="20220212 12:04:59.770" endtime="20220212 12:04:59.770"/>
</kw>
<status status="NOT RUN" starttime="20220212 12:04:59.769" endtime="20220212 12:04:59.770"/>
</branch>
<branch type="ELSE IF" condition="'${BROWSER_NAME}' == 'edge'">
<kw name="Set Local Variable" library="BuiltIn">
<arg>${driver_path}</arg>
<arg>msedgedriver.exe</arg>
<doc>Makes a variable available everywhere within the local scope.</doc>
<status status="NOT RUN" starttime="20220212 12:04:59.770" endtime="20220212 12:04:59.770"/>
</kw>
<status status="NOT RUN" starttime="20220212 12:04:59.770" endtime="20220212 12:04:59.770"/>
</branch>
<branch type="ELSE IF" condition="'${BROWSER_NAME}' == 'safari'">
<kw name="Set Local Variable" library="BuiltIn">
<arg>${driver_path}</arg>
<arg>safaridriver.exe</arg>
<doc>Makes a variable available everywhere within the local scope.</doc>
<status status="NOT RUN" starttime="20220212 12:04:59.770" endtime="20220212 12:04:59.770"/>
</kw>
<status status="NOT RUN" starttime="20220212 12:04:59.770" endtime="20220212 12:04:59.770"/>
</branch>
<status status="PASS" starttime="20220212 12:04:59.769" endtime="20220212 12:04:59.770"/>
</if>
<kw name="Open Browser" library="SeleniumLibrary">
<arg>browser=${BROWSER_NAME}</arg>
<arg>executable_path=${EXECDIR}${/}drivers${/}${driver_path}</arg>
<doc>Opens a new browser instance to the optional ``url``.</doc>
<msg timestamp="20220212 12:04:59.771" level="INFO">Opening browser 'chrome' to base url 'None'.</msg>
<status status="PASS" starttime="20220212 12:04:59.771" endtime="20220212 12:05:00.975"/>
</kw>
<kw name="Maximize Browser Window" library="SeleniumLibrary">
<doc>Maximizes current browser window.</doc>
<status status="PASS" starttime="20220212 12:05:00.975" endtime="20220212 12:05:01.098"/>
</kw>
<kw name="Set Selenium Implicit Wait" library="SeleniumLibrary">
<arg>30s</arg>
<doc>Sets the implicit wait value used by Selenium.</doc>
<status status="PASS" starttime="20220212 12:05:01.098" endtime="20220212 12:05:01.099"/>
</kw>
<kw name="Set Screenshot Directory" library="SeleniumLibrary">
<arg>${EXECDIR}${/}screenshot</arg>
<doc>Sets the directory for captured screenshots.</doc>
<status status="PASS" starttime="20220212 12:05:01.099" endtime="20220212 12:05:01.100"/>
</kw>
<kw name="Go To" library="SeleniumLibrary">
<arg>url=${URL}</arg>
<doc>Navigates the current browser window to the provided ``url``.</doc>
<msg timestamp="20220212 12:05:01.101" level="INFO">Opening url 'https://demo.openemr.io/b/openemr'</msg>
<status status="PASS" starttime="20220212 12:05:01.100" endtime="20220212 12:05:06.497"/>
</kw>
<status status="PASS" starttime="20220212 12:04:59.768" endtime="20220212 12:05:06.497"/>
</kw>
<kw name="Verify Valid Credentials Template">
<arg>accountant</arg>
<arg>accountant</arg>
<arg>Greek</arg>
<arg>OpenEMR</arg>
<kw name="Input Text" library="SeleniumLibrary">
<arg>id=authUser</arg>
<arg>${username}</arg>
<doc>Types the given ``text`` into the text field identified by ``locator``.</doc>
<msg timestamp="20220212 12:05:06.498" level="INFO">Typing text 'accountant' into text field 'id=authUser'.</msg>
<status status="PASS" starttime="20220212 12:05:06.498" endtime="20220212 12:05:06.568"/>
</kw>
<kw name="Input Password" library="SeleniumLibrary">
<arg>id=clearPass</arg>
<arg>${password}</arg>
<doc>Types the given password into the text field identified by ``locator``.</doc>
<msg timestamp="20220212 12:05:06.568" level="INFO">Typing password into text field 'id=clearPass'.</msg>
<msg timestamp="20220212 12:05:06.608" level="INFO">Temporally setting log level to: NONE</msg>
<msg timestamp="20220212 12:05:06.655" level="INFO">Log level changed from NONE to INFO.</msg>
<status status="PASS" starttime="20220212 12:05:06.568" endtime="20220212 12:05:06.656"/>
</kw>
<kw name="Select From List By Label" library="SeleniumLibrary">
<arg>name=languageChoice</arg>
<arg>${language}</arg>
<doc>Selects options from selection list ``locator`` by ``labels``.</doc>
<msg timestamp="20220212 12:05:06.656" level="INFO">Selecting options from selection list 'name=languageChoice' by label Greek.</msg>
<status status="PASS" starttime="20220212 12:05:06.656" endtime="20220212 12:05:06.727"/>
</kw>
<kw name="Click Element" library="SeleniumLibrary">
<arg>xpath=//button[@type='submit']</arg>
<doc>Click the element identified by ``locator``.</doc>
<msg timestamp="20220212 12:05:06.727" level="INFO">Clicking element 'xpath=//button[@type='submit']'.</msg>
<status status="PASS" starttime="20220212 12:05:06.727" endtime="20220212 12:05:11.533"/>
</kw>
<kw name="Title Should Be" library="SeleniumLibrary">
<arg>${expected_title}</arg>
<doc>Verifies that the current page title equals ``title``.</doc>
<msg timestamp="20220212 12:05:11.542" level="INFO">Page title is 'OpenEMR'.</msg>
<status status="PASS" starttime="20220212 12:05:11.533" endtime="20220212 12:05:11.542"/>
</kw>
<status status="PASS" starttime="20220212 12:05:06.498" endtime="20220212 12:05:11.542"/>
</kw>
<kw name="End Browser" library="common_functionality" type="TEARDOWN">
<kw name="Close Browser" library="SeleniumLibrary">
<doc>Closes the current browser.</doc>
<status status="PASS" starttime="20220212 12:05:11.544" endtime="20220212 12:05:13.683"/>
</kw>
<status status="PASS" starttime="20220212 12:05:11.543" endtime="20220212 12:05:13.683"/>
</kw>
<status status="PASS" starttime="20220212 12:04:59.765" endtime="20220212 12:05:13.683"/>
</test>
<doc>This suit file handles all the test case related to the
valid credentials</doc>
<status status="PASS" starttime="20220212 12:04:30.389" endtime="20220212 12:05:13.688"/>
</suite>
<statistics>
<total>
<stat pass="3" fail="0" skip="0">All Tests</stat>
</total>
<tag>
</tag>
<suite>
<stat pass="3" fail="0" skip="0" id="s1" name="Verify Valid Credentials Suite">Verify Valid Credentials Suite</stat>
</suite>
</statistics>
<errors>
<msg timestamp="20220212 12:04:45.136" level="WARN">Multiple test cases with name 'TC1' executed in test suite 'Verify Valid Credentials Suite'.</msg>
<msg timestamp="20220212 12:04:59.764" level="WARN">Multiple test cases with name 'TC1' executed in test suite 'Verify Valid Credentials Suite'.</msg>
</errors>
</robot>
